<?xml version="1.0" encoding="utf-8"?><testsuites name="pytest tests"><testsuite name="pytest" errors="0" failures="0" skipped="0" tests="17" time="0.802" timestamp="2026-01-27T14:14:53.992050+00:00" hostname="agent-env-84dc8e76-eec5-414b-825c-78b7255e9615"><testcase classname="backend.tests.test_lionforce_api.TestHealthCheck" name="test_api_root" time="0.065" /><testcase classname="backend.tests.test_lionforce_api.TestAdminAuth" name="test_admin_login_success" time="0.037" /><testcase classname="backend.tests.test_lionforce_api.TestAdminAuth" name="test_admin_login_invalid_credentials" time="0.046" /><testcase classname="backend.tests.test_lionforce_api.TestSiteContent" name="test_get_public_site_content" time="0.037" /><testcase classname="backend.tests.test_lionforce_api.TestSiteContent" name="test_get_admin_site_content" time="0.041" /><testcase classname="backend.tests.test_lionforce_api.TestSiteContent" name="test_save_site_content" time="0.090" /><testcase classname="backend.tests.test_lionforce_api.TestAdminDashboard" name="test_get_submissions" time="0.036" /><testcase classname="backend.tests.test_lionforce_api.TestAdminDashboard" name="test_get_subscribers" time="0.037" /><testcase classname="backend.tests.test_lionforce_api.TestAdminDashboard" name="test_get_images" time="0.036" /><testcase classname="backend.tests.test_lionforce_api.TestContactForm" name="test_submit_contact_form" time="0.041" /><testcase classname="backend.tests.test_lionforce_api.TestContactForm" name="test_submit_contact_form_minimal" time="0.036" /><testcase classname="backend.tests.test_lionforce_api.TestContactForm" name="test_submit_contact_form_invalid_email" time="0.038" /><testcase classname="backend.tests.test_lionforce_api.TestNewsletter" name="test_subscribe_newsletter" time="0.041" /><testcase classname="backend.tests.test_lionforce_api.TestNewsletter" name="test_subscribe_newsletter_invalid_email" time="0.034" /><testcase classname="backend.tests.test_lionforce_api.TestContentBlocks" name="test_get_all_content_blocks" time="0.038" /><testcase classname="backend.tests.test_lionforce_api.TestContentBlocks" name="test_create_content_block" time="0.036" /><testcase classname="backend.tests.test_lionforce_api.TestContentBlocks" name="test_get_page_content" time="0.040" /></testsuite></testsuites>